build/app/intermediates/manifest_merge_blame_file/release/manifest-merger-blame-release-report.txt
1<?xml version="1.0" encoding="utf-8"?>
2<manifest xmlns:android="http://schemas.android.com/apk/res/android"
3    package="com.example.efficient_flutter_task"
4    android:versionCode="1"
5    android:versionName="1.0.0" >
6
7    <uses-sdk
8        android:minSdkVersion="21"
8-->src/main/AndroidManifest.xml
9        android:targetSdkVersion="33" />
9-->src/main/AndroidManifest.xml
10
11    <uses-permission android:name="android.permission.READ_EXTERNAL_STORAGE" />
11-->src/main/AndroidManifest.xml:2:5-79
11-->src/main/AndroidManifest.xml:2:22-77
12    <uses-permission android:name="android.permission.WRITE_EXTERNAL_STORAGE" />
12-->src/main/AndroidManifest.xml:3:5-80
12-->src/main/AndroidManifest.xml:3:22-78
13    <uses-permission android:name="android.permission.INTERNET" />
13-->src/main/AndroidManifest.xml:4:5-66
13-->src/main/AndroidManifest.xml:4:22-64
14    <uses-permission android:name="android.permission.RECORD_AUDIO" />
14-->src/main/AndroidManifest.xml:5:5-71
14-->src/main/AndroidManifest.xml:5:22-68
15
16    <permission
16-->[androidx.core:core:1.10.1] AndroidManifest.xml:22:5-24:47
17        android:name="com.example.efficient_flutter_task.DYNAMIC_RECEIVER_NOT_EXPORTED_PERMISSION"
17-->[androidx.core:core:1.10.1] AndroidManifest.xml:23:9-81
18        android:protectionLevel="signature" />
18-->[androidx.core:core:1.10.1] AndroidManifest.xml:24:9-44
19
20    <uses-permission android:name="com.example.efficient_flutter_task.DYNAMIC_RECEIVER_NOT_EXPORTED_PERMISSION" />
20-->[androidx.core:core:1.10.1] AndroidManifest.xml:26:5-97
20-->[androidx.core:core:1.10.1] AndroidManifest.xml:26:22-94
21
22    <application
23        android:name="android.app.Application"
23-->src/main/AndroidManifest.xml:8:9-42
24        android:appComponentFactory="androidx.core.app.CoreComponentFactory"
24-->[androidx.core:core:1.10.1] AndroidManifest.xml:28:18-86
25        android:icon="@mipmap/ic_launcher"
25-->src/main/AndroidManifest.xml:9:9-43
26        android:label="efficient_flutter_task" >
26-->src/main/AndroidManifest.xml:7:9-47
27        <activity
27-->src/main/AndroidManifest.xml:10:9-30:20
28            android:name="com.example.efficient_flutter_task.MainActivity"
28-->src/main/AndroidManifest.xml:11:13-41
29            android:configChanges="orientation|keyboardHidden|keyboard|screenSize|smallestScreenSize|locale|layoutDirection|fontScale|screenLayout|density|uiMode"
29-->src/main/AndroidManifest.xml:15:13-163
30            android:exported="true"
30-->src/main/AndroidManifest.xml:12:13-36
31            android:hardwareAccelerated="true"
31-->src/main/AndroidManifest.xml:16:13-47
32            android:launchMode="singleTop"
32-->src/main/AndroidManifest.xml:13:13-43
33            android:theme="@style/LaunchTheme"
33-->src/main/AndroidManifest.xml:14:13-47
34            android:windowSoftInputMode="adjustResize" >
34-->src/main/AndroidManifest.xml:17:13-55
35
36            <!--
37                 Specifies an Android theme to apply to this Activity as soon as
38                 the Android process has started. This theme is visible to the user
39                 while the Flutter UI initializes. After that, this theme continues
40                 to determine the Window background behind the Flutter UI.
41            -->
42            <meta-data
42-->src/main/AndroidManifest.xml:22:13-25:17
43                android:name="io.flutter.embedding.android.NormalTheme"
43-->src/main/AndroidManifest.xml:23:15-70
44                android:resource="@style/NormalTheme" />
44-->src/main/AndroidManifest.xml:24:15-52
45
46            <intent-filter>
46-->src/main/AndroidManifest.xml:26:13-29:29
47                <action android:name="android.intent.action.MAIN" />
47-->src/main/AndroidManifest.xml:27:17-68
47-->src/main/AndroidManifest.xml:27:25-66
48
49                <category android:name="android.intent.category.LAUNCHER" />
49-->src/main/AndroidManifest.xml:28:17-76
49-->src/main/AndroidManifest.xml:28:27-74
50            </intent-filter>
51        </activity>
52        <!--
53             Don't delete the meta-data below.
54             This is used by the Flutter tool to generate GeneratedPluginRegistrant.java
55        -->
56        <meta-data
56-->src/main/AndroidManifest.xml:33:9-35:33
57            android:name="flutterEmbedding"
57-->src/main/AndroidManifest.xml:34:13-44
58            android:value="2" />
58-->src/main/AndroidManifest.xml:35:13-30
59
60        <provider
60-->[:flutter_email_sender] AndroidManifest.xml:10:9-18:20
61            android:name="com.sidlatau.flutteremailsender.FlutterEmailSenderFileProvider"
61-->[:flutter_email_sender] AndroidManifest.xml:11:13-90
62            android:authorities="com.example.efficient_flutter_task.file_provider"
62-->[:flutter_email_sender] AndroidManifest.xml:12:13-65
63            android:exported="false"
63-->[:flutter_email_sender] AndroidManifest.xml:13:13-37
64            android:grantUriPermissions="true" >
64-->[:flutter_email_sender] AndroidManifest.xml:14:13-47
65            <meta-data
65-->[:flutter_email_sender] AndroidManifest.xml:15:13-17:61
66                android:name="android.support.FILE_PROVIDER_PATHS"
66-->[:flutter_email_sender] AndroidManifest.xml:16:17-67
67                android:resource="@xml/shared_file_paths" />
67-->[:flutter_email_sender] AndroidManifest.xml:17:17-58
68        </provider>
69        <provider
69-->[:image_picker_android] AndroidManifest.xml:10:9-18:20
70            android:name="io.flutter.plugins.imagepicker.ImagePickerFileProvider"
70-->[:image_picker_android] AndroidManifest.xml:11:13-82
71            android:authorities="com.example.efficient_flutter_task.flutter.image_provider"
71-->[:image_picker_android] AndroidManifest.xml:12:13-74
72            android:exported="false"
72-->[:image_picker_android] AndroidManifest.xml:13:13-37
73            android:grantUriPermissions="true" >
73-->[:image_picker_android] AndroidManifest.xml:14:13-47
74            <meta-data
74-->[:flutter_email_sender] AndroidManifest.xml:15:13-17:61
75                android:name="android.support.FILE_PROVIDER_PATHS"
75-->[:flutter_email_sender] AndroidManifest.xml:16:17-67
76                android:resource="@xml/flutter_image_picker_file_paths" />
76-->[:flutter_email_sender] AndroidManifest.xml:17:17-58
77        </provider>
78        <provider
78-->[androidx.emoji2:emoji2:1.2.0] AndroidManifest.xml:24:9-32:20
79            android:name="androidx.startup.InitializationProvider"
79-->[androidx.emoji2:emoji2:1.2.0] AndroidManifest.xml:25:13-67
80            android:authorities="com.example.efficient_flutter_task.androidx-startup"
80-->[androidx.emoji2:emoji2:1.2.0] AndroidManifest.xml:26:13-68
81            android:exported="false" >
81-->[androidx.emoji2:emoji2:1.2.0] AndroidManifest.xml:27:13-37
82            <meta-data
82-->[androidx.emoji2:emoji2:1.2.0] AndroidManifest.xml:29:13-31:52
83                android:name="androidx.emoji2.text.EmojiCompatInitializer"
83-->[androidx.emoji2:emoji2:1.2.0] AndroidManifest.xml:30:17-75
84                android:value="androidx.startup" />
84-->[androidx.emoji2:emoji2:1.2.0] AndroidManifest.xml:31:17-49
85            <meta-data
85-->[androidx.lifecycle:lifecycle-process:2.6.1] AndroidManifest.xml:29:13-31:52
86                android:name="androidx.lifecycle.ProcessLifecycleInitializer"
86-->[androidx.lifecycle:lifecycle-process:2.6.1] AndroidManifest.xml:30:17-78
87                android:value="androidx.startup" />
87-->[androidx.lifecycle:lifecycle-process:2.6.1] AndroidManifest.xml:31:17-49
88            <meta-data
88-->[androidx.profileinstaller:profileinstaller:1.3.0] AndroidManifest.xml:29:13-31:52
89                android:name="androidx.profileinstaller.ProfileInstallerInitializer"
89-->[androidx.profileinstaller:profileinstaller:1.3.0] AndroidManifest.xml:30:17-85
90                android:value="androidx.startup" />
90-->[androidx.profileinstaller:profileinstaller:1.3.0] AndroidManifest.xml:31:17-49
91        </provider>
92
93        <uses-library
93-->[androidx.window:window:1.0.0-beta04] AndroidManifest.xml:25:9-27:40
94            android:name="androidx.window.extensions"
94-->[androidx.window:window:1.0.0-beta04] AndroidManifest.xml:26:13-54
95            android:required="false" />
95-->[androidx.window:window:1.0.0-beta04] AndroidManifest.xml:27:13-37
96        <uses-library
96-->[androidx.window:window:1.0.0-beta04] AndroidManifest.xml:28:9-30:40
97            android:name="androidx.window.sidecar"
97-->[androidx.window:window:1.0.0-beta04] AndroidManifest.xml:29:13-51
98            android:required="false" />
98-->[androidx.window:window:1.0.0-beta04] AndroidManifest.xml:30:13-37
99
100        <receiver
100-->[androidx.profileinstaller:profileinstaller:1.3.0] AndroidManifest.xml:34:9-52:20
101            android:name="androidx.profileinstaller.ProfileInstallReceiver"
101-->[androidx.profileinstaller:profileinstaller:1.3.0] AndroidManifest.xml:35:13-76
102            android:directBootAware="false"
102-->[androidx.profileinstaller:profileinstaller:1.3.0] AndroidManifest.xml:36:13-44
103            android:enabled="true"
103-->[androidx.profileinstaller:profileinstaller:1.3.0] AndroidManifest.xml:37:13-35
104            android:exported="true"
104-->[androidx.profileinstaller:profileinstaller:1.3.0] AndroidManifest.xml:38:13-36
105            android:permission="android.permission.DUMP" >
105-->[androidx.profileinstaller:profileinstaller:1.3.0] AndroidManifest.xml:39:13-57
106            <intent-filter>
106-->[androidx.profileinstaller:profileinstaller:1.3.0] AndroidManifest.xml:40:13-42:29
107                <action android:name="androidx.profileinstaller.action.INSTALL_PROFILE" />
107-->[androidx.profileinstaller:profileinstaller:1.3.0] AndroidManifest.xml:41:17-91
107-->[androidx.profileinstaller:profileinstaller:1.3.0] AndroidManifest.xml:41:25-88
108            </intent-filter>
109            <intent-filter>
109-->[androidx.profileinstaller:profileinstaller:1.3.0] AndroidManifest.xml:43:13-45:29
110                <action android:name="androidx.profileinstaller.action.SKIP_FILE" />
110-->[androidx.profileinstaller:profileinstaller:1.3.0] AndroidManifest.xml:44:17-85
110-->[androidx.profileinstaller:profileinstaller:1.3.0] AndroidManifest.xml:44:25-82
111            </intent-filter>
112            <intent-filter>
112-->[androidx.profileinstaller:profileinstaller:1.3.0] AndroidManifest.xml:46:13-48:29
113                <action android:name="androidx.profileinstaller.action.SAVE_PROFILE" />
113-->[androidx.profileinstaller:profileinstaller:1.3.0] AndroidManifest.xml:47:17-88
113-->[androidx.profileinstaller:profileinstaller:1.3.0] AndroidManifest.xml:47:25-85
114            </intent-filter>
115            <intent-filter>
115-->[androidx.profileinstaller:profileinstaller:1.3.0] AndroidManifest.xml:49:13-51:29
116                <action android:name="androidx.profileinstaller.action.BENCHMARK_OPERATION" />
116-->[androidx.profileinstaller:profileinstaller:1.3.0] AndroidManifest.xml:50:17-95
116-->[androidx.profileinstaller:profileinstaller:1.3.0] AndroidManifest.xml:50:25-92
117            </intent-filter>
118        </receiver>
119    </application>
120
121</manifest>